Using pre-set license
Built from '2020.3/staging' branch; Version is '2020.3.19f1 (68f137dc9bbe) revision 6877495'; Using compiler version '192528614'; Build Type 'Release'
OS: 'Windows 10 Home; OS build 19042.1348; Version 2009; 64bit' Language: 'en' Physical Memory: 16145 MB
BatchMode: 1, IsHumanControllingUs: 0, StartBugReporterOnCrash: 0, Is64bit: 1, IsPro: 0

COMMAND LINE ARGUMENTS:
C:\Program Files\Unity\Hub\Editor\2020.3.19f1\Editor\Unity.exe
-adb2
-batchMode
-noUpm
-name
AssetImportWorker0
-projectPath
C:/Users/Rian/College Stuff/DT228 Year 4/Semester 1/CMPU 4030 - Games Engine 1/GE1_Assignment/MIDI Cinema
-logFile
Logs/AssetImportWorker0.log
-srvPort
63929
Successfully changed project path to: C:/Users/Rian/College Stuff/DT228 Year 4/Semester 1/CMPU 4030 - Games Engine 1/GE1_Assignment/MIDI Cinema
C:/Users/Rian/College Stuff/DT228 Year 4/Semester 1/CMPU 4030 - Games Engine 1/GE1_Assignment/MIDI Cinema
Using Asset Import Pipeline V2.
Refreshing native plugins compatible for Editor in 75.58 ms, found 2 plugins.
Preloading 0 native plugins for Editor in 0.00 ms.
Initialize engine version: 2020.3.19f1 (68f137dc9bbe)
[Subsystems] Discovering subsystems at path C:/Program Files/Unity/Hub/Editor/2020.3.19f1/Editor/Data/Resources/UnitySubsystems
[Subsystems] Discovering subsystems at path C:/Users/Rian/College Stuff/DT228 Year 4/Semester 1/CMPU 4030 - Games Engine 1/GE1_Assignment/MIDI Cinema/Assets
GfxDevice: creating device client; threaded=0
Direct3D:
    Version:  Direct3D 11.0 [level 11.1]
    Renderer: NVIDIA GeForce MX450 (ID=0x1f9c)
    Vendor:   
    VRAM:     1928 MB
    Driver:   27.21.14.6280
Initialize mono
Mono path[0] = 'C:/Program Files/Unity/Hub/Editor/2020.3.19f1/Editor/Data/Managed'
Mono path[1] = 'C:/Program Files/Unity/Hub/Editor/2020.3.19f1/Editor/Data/MonoBleedingEdge/lib/mono/unityjit'
Mono config path = 'C:/Program Files/Unity/Hub/Editor/2020.3.19f1/Editor/Data/MonoBleedingEdge/etc'
Using monoOptions --debugger-agent=transport=dt_socket,embedding=1,server=y,suspend=n,address=127.0.0.1:56248
Begin MonoManager ReloadAssembly
Registering precompiled unity dll's ...
Register platform support module: C:/Program Files/Unity/Hub/Editor/2020.3.19f1/Editor/Data/PlaybackEngines/WebGLSupport/UnityEditor.WebGL.Extensions.dll
Register platform support module: C:/Program Files/Unity/Hub/Editor/2020.3.19f1/Editor/Data/PlaybackEngines/WindowsStandaloneSupport/UnityEditor.WindowsStandalone.Extensions.dll
Registered in 0.003798 seconds.
Native extension for WindowsStandalone target not found
Native extension for WebGL target not found
Refreshing native plugins compatible for Editor in 95.59 ms, found 2 plugins.
Preloading 0 native plugins for Editor in 0.00 ms.
Mono: successfully reloaded assembly
- Completed reload, in  2.080 seconds
Domain Reload Profiling:
	ReloadAssembly (2080ms)
		BeginReloadAssembly (98ms)
			ExecutionOrderSort (0ms)
			DisableScriptedObjects (0ms)
			BackupInstance (0ms)
			ReleaseScriptingObjects (0ms)
			CreateAndSetChildDomain (2ms)
		EndReloadAssembly (795ms)
			LoadAssemblies (95ms)
			RebuildTransferFunctionScriptingTraits (0ms)
			SetupTypeCache (274ms)
			ReleaseScriptCaches (0ms)
			RebuildScriptCaches (60ms)
			SetupLoadedEditorAssemblies (339ms)
				LogAssemblyErrors (0ms)
				InitializePlatformSupportModulesInManaged (10ms)
				SetLoadedEditorAssemblies (0ms)
				RefreshPlugins (96ms)
				BeforeProcessingInitializeOnLoad (17ms)
				ProcessInitializeOnLoadAttributes (159ms)
				ProcessInitializeOnLoadMethodAttributes (56ms)
				AfterProcessingInitializeOnLoad (0ms)
				EditorAssembliesLoaded (0ms)
			ExecutionOrderSort2 (0ms)
			AwakeInstancesAfterBackupRestoration (0ms)
Platform modules already initialized, skipping
Registering precompiled user dll's ...
Registered in 0.004812 seconds.
Begin MonoManager ReloadAssembly
Native extension for WindowsStandalone target not found
Native extension for WebGL target not found
Refreshing native plugins compatible for Editor in 0.68 ms, found 2 plugins.
Preloading 0 native plugins for Editor in 0.00 ms.
Mono: successfully reloaded assembly
- Completed reload, in  1.811 seconds
Domain Reload Profiling:
	ReloadAssembly (1812ms)
		BeginReloadAssembly (261ms)
			ExecutionOrderSort (0ms)
			DisableScriptedObjects (8ms)
			BackupInstance (0ms)
			ReleaseScriptingObjects (0ms)
			CreateAndSetChildDomain (31ms)
		EndReloadAssembly (1432ms)
			LoadAssemblies (153ms)
			RebuildTransferFunctionScriptingTraits (0ms)
			SetupTypeCache (490ms)
			ReleaseScriptCaches (1ms)
			RebuildScriptCaches (80ms)
			SetupLoadedEditorAssemblies (530ms)
				LogAssemblyErrors (0ms)
				InitializePlatformSupportModulesInManaged (11ms)
				SetLoadedEditorAssemblies (1ms)
				RefreshPlugins (1ms)
				BeforeProcessingInitializeOnLoad (105ms)
				ProcessInitializeOnLoadAttributes (395ms)
				ProcessInitializeOnLoadMethodAttributes (7ms)
				AfterProcessingInitializeOnLoad (10ms)
				EditorAssembliesLoaded (0ms)
			ExecutionOrderSort2 (0ms)
			AwakeInstancesAfterBackupRestoration (13ms)
Platform modules already initialized, skipping
========================================================================
Worker process is ready to serve import requests
Launched and connected shader compiler UnityShaderCompiler.exe after 0.08 seconds
Refreshing native plugins compatible for Editor in 0.48 ms, found 2 plugins.
Preloading 0 native plugins for Editor in 0.00 ms.
Unloading 1529 Unused Serialized files (Serialized files now loaded: 0)
System memory in use before: 72.7 MB.
System memory in use after: 72.7 MB.

Unloading 16 unused Assets to reduce memory usage. Loaded Objects now: 1966.
Total: 2.689900 ms (FindLiveObjects: 0.111800 ms CreateObjectMapping: 0.032900 ms MarkObjects: 2.491200 ms  DeleteObjects: 0.053300 ms)

AssetImportParameters requested are different than current active one (requested -> active):
  custom:framework-win-MediaFoundation: 216162199b28c13a410421893ffa2e32 -> 
  custom:video-decoder-ogg-theora: a1e56fd34408186e4bbccfd4996cb3dc -> 
  custom:container-muxer-webm: aa71ff27fc2769a1b78a27578f13a17b -> 
  custom:container-demuxer-webm: 4f35f7cbe854078d1ac9338744f61a02 -> 
  custom:container-demuxer-ogg: 62fdf1f143b41e24485cea50d1cbac27 -> 
  custom:video-encoder-webm-vp8: eb34c28f22e8b96e1ab97ce403110664 -> 
  custom:video-codec-MediaFoundation-h265: 746d11721c4dcdbdad8f713fa42b33f4 -> 
  custom:video-decoder-webm-vp8: 9c59270c3fd7afecdb556c50c9e8de78 -> 
  custom:audio-decoder-ogg-vorbis: bf7c407c2cedff20999df2af8eb42d56 -> 
  custom:audio-encoder-webm-vorbis: bf7c407c2cedff20999df2af8eb42d56 -> 
========================================================================
Received Import Request.
  path: Assets
  artifactKey: Guid(00000000000000001000000000000000) Importer(815301076,1909f56bfc062723c751e8b465ee728b)
Start importing Assets using Guid(00000000000000001000000000000000) Importer(815301076,1909f56bfc062723c751e8b465ee728b)  -> (artifact id: '42d402b061de3733987d63b9cc3b64de') in 0.015909 seconds 
  Import took 0.017914 seconds .

========================================================================
Received Import Request.
  Time since last request: 7.026110 seconds.
  path: Assets/Materials
  artifactKey: Guid(362192fbbbad7bb4abfcdddf462b542c) Importer(815301076,1909f56bfc062723c751e8b465ee728b)
Start importing Assets/Materials using Guid(362192fbbbad7bb4abfcdddf462b542c) Importer(815301076,1909f56bfc062723c751e8b465ee728b)  -> (artifact id: '13048a9afb8e3a9ff1498931a2216be4') in 0.014554 seconds 
  Import took 0.018106 seconds .

========================================================================
Received Import Request.
  Time since last request: 67.312707 seconds.
  path: Assets/MidiPlayer/Demo/Water/Water/Materials/WaterProDaytime.mat
  artifactKey: Guid(7350b65a6431f604a8496c39db1ac9c5) Importer(815301076,1909f56bfc062723c751e8b465ee728b)
Start importing Assets/MidiPlayer/Demo/Water/Water/Materials/WaterProDaytime.mat using Guid(7350b65a6431f604a8496c39db1ac9c5) Importer(815301076,1909f56bfc062723c751e8b465ee728b)  -> (artifact id: '98b3a4f159ef853b1d1f1fe509a2d79b') in 0.175139 seconds 
  Import took 0.179910 seconds .

========================================================================
Received Import Request.
  Time since last request: 0.000317 seconds.
  path: Assets/MidiPlayer/Demo/FreeDemos/SourceCatchMusic/Texture/Materials/IconImage_128x128.mat
  artifactKey: Guid(1d0ea0b43fac1d14d847b119d8750a07) Importer(815301076,1909f56bfc062723c751e8b465ee728b)
Start importing Assets/MidiPlayer/Demo/FreeDemos/SourceCatchMusic/Texture/Materials/IconImage_128x128.mat using Guid(1d0ea0b43fac1d14d847b119d8750a07) Importer(815301076,1909f56bfc062723c751e8b465ee728b)  -> (artifact id: 'eac36c69691633b2c1f3398a1964a4e4') in 0.185897 seconds 
  Import took 0.191704 seconds .

========================================================================
Received Import Request.
  Time since last request: 0.000270 seconds.
  path: Assets/MidiPlayer/Demo/FreeDemos/Material/GridX50.mat
  artifactKey: Guid(ea8bf214ad0ef6f49afaa6c4d696aa46) Importer(815301076,1909f56bfc062723c751e8b465ee728b)
Start importing Assets/MidiPlayer/Demo/FreeDemos/Material/GridX50.mat using Guid(ea8bf214ad0ef6f49afaa6c4d696aa46) Importer(815301076,1909f56bfc062723c751e8b465ee728b)  -> (artifact id: '2147848f2dc8a7b44995ac122733c4e8') in 0.205479 seconds 
  Import took 0.209174 seconds .

========================================================================
Received Import Request.
  Time since last request: 0.000217 seconds.
  path: Assets/MidiPlayer/Demo/Resources/Materials/leoferre.mat
  artifactKey: Guid(24d368b1b76d1824d8ac9a1eb5836cdb) Importer(815301076,1909f56bfc062723c751e8b465ee728b)
Start importing Assets/MidiPlayer/Demo/Resources/Materials/leoferre.mat using Guid(24d368b1b76d1824d8ac9a1eb5836cdb) Importer(815301076,1909f56bfc062723c751e8b465ee728b)  -> (artifact id: '343d5970a177e82b18c2f5f4de3e1a90') in 0.022478 seconds 
  Import took 0.025063 seconds .

========================================================================
Received Import Request.
  Time since last request: 0.000342 seconds.
  path: Assets/MidiPlayer/Demo/FreeDemos/SourceCatchMusic/Material/Collider.mat
  artifactKey: Guid(0c41e26b0f1650b45bcc658cc0f60079) Importer(815301076,1909f56bfc062723c751e8b465ee728b)
Start importing Assets/MidiPlayer/Demo/FreeDemos/SourceCatchMusic/Material/Collider.mat using Guid(0c41e26b0f1650b45bcc658cc0f60079) Importer(815301076,1909f56bfc062723c751e8b465ee728b)  -> (artifact id: '4ac0a7c7f403486c925a14b8ae5f7f1e') in 0.018818 seconds 
  Import took 0.021622 seconds .

========================================================================
Received Import Request.
  Time since last request: 0.000217 seconds.
  path: Assets/MidiPlayer/Demo/Resources/Courier.ttf
  artifactKey: Guid(16c7eca8a3714244284e51d3db890dac) Importer(815301076,1909f56bfc062723c751e8b465ee728b)
Start importing Assets/MidiPlayer/Demo/Resources/Courier.ttf using Guid(16c7eca8a3714244284e51d3db890dac) Importer(815301076,1909f56bfc062723c751e8b465ee728b)  -> (artifact id: '3d72af98c6e22baa4dcbdf56f3f0c150') in 0.034436 seconds 
  Import took 0.036869 seconds .

========================================================================
Received Import Request.
  Time since last request: 0.000255 seconds.
  path: Assets/MidiPlayer/Demo/Water/Water4/Materials/OceanPlaneMaterial.mat
  artifactKey: Guid(a437a9b380909fa4d98f929428f70388) Importer(815301076,1909f56bfc062723c751e8b465ee728b)
Start importing Assets/MidiPlayer/Demo/Water/Water4/Materials/OceanPlaneMaterial.mat using Guid(a437a9b380909fa4d98f929428f70388) Importer(815301076,1909f56bfc062723c751e8b465ee728b)  -> (artifact id: 'b830d5941f52488b7ee0932a887c4463') in 0.309574 seconds 
  Import took 0.312658 seconds .

========================================================================
Received Import Request.
  Time since last request: 0.000357 seconds.
  path: Assets/MidiPlayer/Demo/Water/Water/Materials/WaterProNighttime.mat
  artifactKey: Guid(e633a20421c47426aa04444234225b69) Importer(815301076,1909f56bfc062723c751e8b465ee728b)
Start importing Assets/MidiPlayer/Demo/Water/Water/Materials/WaterProNighttime.mat using Guid(e633a20421c47426aa04444234225b69) Importer(815301076,1909f56bfc062723c751e8b465ee728b)  -> (artifact id: '19dfcde04b6d8cb741ed3c11901a6a54') in 0.033855 seconds 
  Import took 0.035851 seconds .

========================================================================
Received Import Request.
  Time since last request: 0.000377 seconds.
  path: Assets/MidiPlayer/Demo/FreeDemos/SourceCatchMusic/Texture/Materials/incantation.mat
  artifactKey: Guid(f5e4bdf2f3fe635438d77e89a4f4ba18) Importer(815301076,1909f56bfc062723c751e8b465ee728b)
Start importing Assets/MidiPlayer/Demo/FreeDemos/SourceCatchMusic/Texture/Materials/incantation.mat using Guid(f5e4bdf2f3fe635438d77e89a4f4ba18) Importer(815301076,1909f56bfc062723c751e8b465ee728b)  -> (artifact id: 'bcb85d65b5a17c02f61999b4416dc679') in 0.029382 seconds 
  Import took 0.031670 seconds .

========================================================================
Received Import Request.
  Time since last request: 0.000237 seconds.
  path: Assets/MidiPlayer/Demo/Water/Water4/Materials/Water4Advanced.mat
  artifactKey: Guid(a5f2339f242f6cc41a982ec55ea3c201) Importer(815301076,1909f56bfc062723c751e8b465ee728b)
Start importing Assets/MidiPlayer/Demo/Water/Water4/Materials/Water4Advanced.mat using Guid(a5f2339f242f6cc41a982ec55ea3c201) Importer(815301076,1909f56bfc062723c751e8b465ee728b)  -> (artifact id: 'a471355dc938b94722335f6bd7b001de') in 0.033861 seconds 
  Import took 0.036088 seconds .

========================================================================
Received Import Request.
  Time since last request: 0.000179 seconds.
  path: Assets/MidiPlayer/Demo/FreeDemos/Material/Cold Night/Cold Night.mat
  artifactKey: Guid(6c5f5934832686743a510621ef567fb3) Importer(815301076,1909f56bfc062723c751e8b465ee728b)
Start importing Assets/MidiPlayer/Demo/FreeDemos/Material/Cold Night/Cold Night.mat using Guid(6c5f5934832686743a510621ef567fb3) Importer(815301076,1909f56bfc062723c751e8b465ee728b)  -> (artifact id: '5419e6c32036bdeadf440e5d656823b8') in 0.186318 seconds 
  Import took 0.189215 seconds .

========================================================================
Received Import Request.
  Time since last request: 0.000553 seconds.
  path: Assets/MidiPlayer/Demo/FreeDemos/SourceCatchMusic/Material/NewController.mat
  artifactKey: Guid(e55ce311c9837454cbba3a77729068b5) Importer(815301076,1909f56bfc062723c751e8b465ee728b)
Start importing Assets/MidiPlayer/Demo/FreeDemos/SourceCatchMusic/Material/NewController.mat using Guid(e55ce311c9837454cbba3a77729068b5) Importer(815301076,1909f56bfc062723c751e8b465ee728b)  -> (artifact id: 'c92a244c245ddff1a9cb9cc00592f10a') in 0.016274 seconds 
  Import took 0.018398 seconds .

========================================================================
Received Import Request.
  Time since last request: 0.000212 seconds.
  path: Assets/MidiPlayer/Resources/Materials/Logo_MPTK.mat
  artifactKey: Guid(2a4b1a404777bb04d9946b495de36ddb) Importer(815301076,1909f56bfc062723c751e8b465ee728b)
Start importing Assets/MidiPlayer/Resources/Materials/Logo_MPTK.mat using Guid(2a4b1a404777bb04d9946b495de36ddb) Importer(815301076,1909f56bfc062723c751e8b465ee728b)  -> (artifact id: '967bc27132bd523e8ff2804888a279bd') in 0.024922 seconds 
  Import took 0.028298 seconds .

========================================================================
Received Import Request.
  Time since last request: 0.000290 seconds.
  path: Assets/MidiPlayer/Demo/FreeDemos/Material/MidiPlayerGreen.mat
  artifactKey: Guid(7fb7f34432b4e1843a66a790368e13d2) Importer(815301076,1909f56bfc062723c751e8b465ee728b)
Start importing Assets/MidiPlayer/Demo/FreeDemos/Material/MidiPlayerGreen.mat using Guid(7fb7f34432b4e1843a66a790368e13d2) Importer(815301076,1909f56bfc062723c751e8b465ee728b)  -> (artifact id: 'e7ad5dd5c11b53b721ccd22b0bcf6fac') in 0.020979 seconds 
  Import took 0.025401 seconds .

========================================================================
Received Import Request.
  Time since last request: 0.000307 seconds.
  path: Assets/MidiPlayer/Demo/FreeDemos/SourceCatchMusic/Material/NewNote.mat
  artifactKey: Guid(675943411bac0004c8e9cfcb2fb5825d) Importer(815301076,1909f56bfc062723c751e8b465ee728b)
Start importing Assets/MidiPlayer/Demo/FreeDemos/SourceCatchMusic/Material/NewNote.mat using Guid(675943411bac0004c8e9cfcb2fb5825d) Importer(815301076,1909f56bfc062723c751e8b465ee728b)  -> (artifact id: '3297b41acb0036a4fda901be9bd34a15') in 0.033432 seconds 
  Import took 0.036884 seconds .

========================================================================
Received Import Request.
  Time since last request: 0.000257 seconds.
  path: Assets/MidiPlayer/Resources/Materials/greenback.mat
  artifactKey: Guid(f67cc0af0a8f0c94eafa5cb1af1d27a8) Importer(815301076,1909f56bfc062723c751e8b465ee728b)
Start importing Assets/MidiPlayer/Resources/Materials/greenback.mat using Guid(f67cc0af0a8f0c94eafa5cb1af1d27a8) Importer(815301076,1909f56bfc062723c751e8b465ee728b)  -> (artifact id: '2eef4b37943e51ea75588b2a7de3c8b8') in 0.021414 seconds 
  Import took 0.025536 seconds .

========================================================================
Received Import Request.
  Time since last request: 0.000244 seconds.
  path: Assets/MidiPlayer/Demo/Water/Water/Materials/WaterPlaneMaterial.mat
  artifactKey: Guid(f1bc741ea0e69a241896582ddb633d55) Importer(815301076,1909f56bfc062723c751e8b465ee728b)
Start importing Assets/MidiPlayer/Demo/Water/Water/Materials/WaterPlaneMaterial.mat using Guid(f1bc741ea0e69a241896582ddb633d55) Importer(815301076,1909f56bfc062723c751e8b465ee728b)  -> (artifact id: 'ea122277bc7e3af45768d08f389ae791') in 0.022703 seconds 
  Import took 0.027858 seconds .

========================================================================
Received Import Request.
  Time since last request: 0.000200 seconds.
  path: Assets/MidiPlayer/Demo/FreeDemos/SourceCatchMusic/Texture/Materials/TexturePlan.mat
  artifactKey: Guid(bf3a4d889c9b5a042a5bb1a26d106b2c) Importer(815301076,1909f56bfc062723c751e8b465ee728b)
Start importing Assets/MidiPlayer/Demo/FreeDemos/SourceCatchMusic/Texture/Materials/TexturePlan.mat using Guid(bf3a4d889c9b5a042a5bb1a26d106b2c) Importer(815301076,1909f56bfc062723c751e8b465ee728b)  -> (artifact id: '717fc27c72a04879761de26e2456503a') in 0.019194 seconds 
  Import took 0.023979 seconds .

========================================================================
Received Import Request.
  Time since last request: 0.000178 seconds.
  path: Assets/MidiPlayer/Demo/FreeDemos/SourceCatchMusic/Material/MatPlan.mat
  artifactKey: Guid(b7a1e87c444191244a9f6985b402239a) Importer(815301076,1909f56bfc062723c751e8b465ee728b)
Start importing Assets/MidiPlayer/Demo/FreeDemos/SourceCatchMusic/Material/MatPlan.mat using Guid(b7a1e87c444191244a9f6985b402239a) Importer(815301076,1909f56bfc062723c751e8b465ee728b)  -> (artifact id: 'e4da2b724f92905bc65570e0f078723a') in 0.017550 seconds 
  Import took 0.021677 seconds .

========================================================================
Received Import Request.
  Time since last request: 0.000218 seconds.
  path: Assets/MidiPlayer/Demo/FreeDemos/SourceCatchMusic/Texture/Materials/TubularBells.mat
  artifactKey: Guid(c6645dee56416d34c9dc7ba7c59dc776) Importer(815301076,1909f56bfc062723c751e8b465ee728b)
Start importing Assets/MidiPlayer/Demo/FreeDemos/SourceCatchMusic/Texture/Materials/TubularBells.mat using Guid(c6645dee56416d34c9dc7ba7c59dc776) Importer(815301076,1909f56bfc062723c751e8b465ee728b)  -> (artifact id: 'e6d79db52523b58702471c88ee908c2f') in 0.020691 seconds 
  Import took 0.025586 seconds .

========================================================================
Received Import Request.
  Time since last request: 0.000159 seconds.
  path: Assets/MidiPlayer/Demo/FreeDemos/SourceCatchMusic/Texture/Materials/MoonlightShadow.mat
  artifactKey: Guid(d1af8609a2550e34ca27680b51861a13) Importer(815301076,1909f56bfc062723c751e8b465ee728b)
Start importing Assets/MidiPlayer/Demo/FreeDemos/SourceCatchMusic/Texture/Materials/MoonlightShadow.mat using Guid(d1af8609a2550e34ca27680b51861a13) Importer(815301076,1909f56bfc062723c751e8b465ee728b)  -> (artifact id: '7dd5ecf26b6454440fe850ddfa28c2a7') in 0.023441 seconds 
  Import took 0.027968 seconds .

========================================================================
Received Import Request.
  Time since last request: 0.000330 seconds.
  path: Assets/MidiPlayer/Resources/Materials/greenlight.mat
  artifactKey: Guid(8e38c22a4e45cda4b88d430a742c0d27) Importer(815301076,1909f56bfc062723c751e8b465ee728b)
Start importing Assets/MidiPlayer/Resources/Materials/greenlight.mat using Guid(8e38c22a4e45cda4b88d430a742c0d27) Importer(815301076,1909f56bfc062723c751e8b465ee728b)  -> (artifact id: '6155dd6bf27fd2851fc922d17ad4a377') in 0.020458 seconds 
  Import took 0.026009 seconds .

========================================================================
Received Import Request.
  Time since last request: 0.000394 seconds.
  path: Assets/MidiPlayer/Demo/FreeDemos/Material/MidiPlayerRed.mat
  artifactKey: Guid(c9ad8b3847d99194aae279719b702837) Importer(815301076,1909f56bfc062723c751e8b465ee728b)
Start importing Assets/MidiPlayer/Demo/FreeDemos/Material/MidiPlayerRed.mat using Guid(c9ad8b3847d99194aae279719b702837) Importer(815301076,1909f56bfc062723c751e8b465ee728b)  -> (artifact id: 'f2052c258e175de95896b6b121a9a8c6') in 0.020055 seconds 
  Import took 0.024628 seconds .

========================================================================
Received Import Request.
  Time since last request: 0.000294 seconds.
  path: Assets/MidiPlayer/Demo/FreeDemos/SourceCatchMusic/Texture/Materials/ommadawn.mat
  artifactKey: Guid(10e8e3d80f865834bac9c87d0c8c01ad) Importer(815301076,1909f56bfc062723c751e8b465ee728b)
Start importing Assets/MidiPlayer/Demo/FreeDemos/SourceCatchMusic/Texture/Materials/ommadawn.mat using Guid(10e8e3d80f865834bac9c87d0c8c01ad) Importer(815301076,1909f56bfc062723c751e8b465ee728b)  -> (artifact id: '89813c7a4f622fb9240f7d3253d77c92') in 0.023442 seconds 
  Import took 0.028960 seconds .

========================================================================
Received Import Request.
  Time since last request: 0.000293 seconds.
  path: Assets/MidiPlayer/Resources/Materials/gray.mat
  artifactKey: Guid(6af79855c5872e540900de229f3988f9) Importer(815301076,1909f56bfc062723c751e8b465ee728b)
Start importing Assets/MidiPlayer/Resources/Materials/gray.mat using Guid(6af79855c5872e540900de229f3988f9) Importer(815301076,1909f56bfc062723c751e8b465ee728b)  -> (artifact id: '0538961838d5c883cf47f9fb9430934e') in 0.021796 seconds 
  Import took 0.026173 seconds .

========================================================================
Received Import Request.
  Time since last request: 0.000279 seconds.
  path: Assets/MidiPlayer/Demo/FreeDemos/SourceCatchMusic/Material/Played.mat
  artifactKey: Guid(ceb63b2dd532dd441a67e70830492731) Importer(815301076,1909f56bfc062723c751e8b465ee728b)
Start importing Assets/MidiPlayer/Demo/FreeDemos/SourceCatchMusic/Material/Played.mat using Guid(ceb63b2dd532dd441a67e70830492731) Importer(815301076,1909f56bfc062723c751e8b465ee728b)  -> (artifact id: '51e565194421e7e83bc4b4c881277c11') in 0.019642 seconds 
  Import took 0.023714 seconds .

========================================================================
Received Import Request.
  Time since last request: 0.000256 seconds.
  path: Assets/MidiPlayer/Demo/FreeDemos/Material/MidiPlayerYellow.mat
  artifactKey: Guid(519e3417605e0b846b41fad271454ca3) Importer(815301076,1909f56bfc062723c751e8b465ee728b)
Start importing Assets/MidiPlayer/Demo/FreeDemos/Material/MidiPlayerYellow.mat using Guid(519e3417605e0b846b41fad271454ca3) Importer(815301076,1909f56bfc062723c751e8b465ee728b)  -> (artifact id: '28391a765f6044bb9ab92755e5d78eb9') in 0.020368 seconds 
  Import took 0.025573 seconds .

========================================================================
Received Import Request.
  Time since last request: 0.000340 seconds.
  path: Assets/MidiPlayer/Demo/Water/Water4/Materials/Water4Simple.mat
  artifactKey: Guid(656fde119942645aa8e062e04c119aa1) Importer(815301076,1909f56bfc062723c751e8b465ee728b)
Start importing Assets/MidiPlayer/Demo/Water/Water4/Materials/Water4Simple.mat using Guid(656fde119942645aa8e062e04c119aa1) Importer(815301076,1909f56bfc062723c751e8b465ee728b)  -> (artifact id: 'cd93402c0da72a0e4d1cc2b6fa5ea120') in 0.018887 seconds 
  Import took 0.023886 seconds .

========================================================================
Received Import Request.
  Time since last request: 0.000395 seconds.
  path: Assets/MidiPlayer/Demo/Resources/Materials/Metal.mat
  artifactKey: Guid(422b9a20fd24f1d4da7671c8e1a1cf6e) Importer(815301076,1909f56bfc062723c751e8b465ee728b)
Start importing Assets/MidiPlayer/Demo/Resources/Materials/Metal.mat using Guid(422b9a20fd24f1d4da7671c8e1a1cf6e) Importer(815301076,1909f56bfc062723c751e8b465ee728b)  -> (artifact id: '289bfc8efd638f06c6ecd29d6431e84b') in 0.022490 seconds 
  Import took 0.027908 seconds .

========================================================================
Received Import Request.
  Time since last request: 0.000266 seconds.
  path: Assets/MidiPlayer/Demo/FreeDemos/Material/MidiPlayerBlue.mat
  artifactKey: Guid(ce26d9553e7768343836bcea5b472bbe) Importer(815301076,1909f56bfc062723c751e8b465ee728b)
Start importing Assets/MidiPlayer/Demo/FreeDemos/Material/MidiPlayerBlue.mat using Guid(ce26d9553e7768343836bcea5b472bbe) Importer(815301076,1909f56bfc062723c751e8b465ee728b)  -> (artifact id: 'fc6097a49d4708cdbb62b6a0fadafc89') in 0.295043 seconds 
  Import took 0.298488 seconds .

========================================================================
Received Import Request.
  Time since last request: 0.000262 seconds.
  path: Assets/MidiPlayer/Demo/FreeDemos/Material/GridX10.mat
  artifactKey: Guid(70f9320d2699cf049a7cfe637b04faa1) Importer(815301076,1909f56bfc062723c751e8b465ee728b)
Start importing Assets/MidiPlayer/Demo/FreeDemos/Material/GridX10.mat using Guid(70f9320d2699cf049a7cfe637b04faa1) Importer(815301076,1909f56bfc062723c751e8b465ee728b)  -> (artifact id: 'aa995883b35af1dafe6f08497533e087') in 0.015315 seconds 
  Import took 0.018006 seconds .

========================================================================
Received Import Request.
  Time since last request: 0.000248 seconds.
  path: Assets/MidiPlayer/Demo/FreeDemos/Material/Floor.mat
  artifactKey: Guid(4eac187cc436cf24ab98182ae4b32cfa) Importer(815301076,1909f56bfc062723c751e8b465ee728b)
Start importing Assets/MidiPlayer/Demo/FreeDemos/Material/Floor.mat using Guid(4eac187cc436cf24ab98182ae4b32cfa) Importer(815301076,1909f56bfc062723c751e8b465ee728b)  -> (artifact id: '9cd57053fb5becb04583b285d1562b2f') in 0.014971 seconds 
  Import took 0.017953 seconds .

========================================================================
Received Prepare
Registering precompiled user dll's ...
Registered in 0.004319 seconds.
Begin MonoManager ReloadAssembly
Native extension for WindowsStandalone target not found
Native extension for WebGL target not found
Refreshing native plugins compatible for Editor in 0.61 ms, found 2 plugins.
Preloading 0 native plugins for Editor in 0.00 ms.
Mono: successfully reloaded assembly
- Completed reload, in  1.640 seconds
Domain Reload Profiling:
	ReloadAssembly (1641ms)
		BeginReloadAssembly (172ms)
			ExecutionOrderSort (0ms)
			DisableScriptedObjects (8ms)
			BackupInstance (0ms)
			ReleaseScriptingObjects (0ms)
			CreateAndSetChildDomain (50ms)
		EndReloadAssembly (1353ms)
			LoadAssemblies (150ms)
			RebuildTransferFunctionScriptingTraits (0ms)
			SetupTypeCache (501ms)
			ReleaseScriptCaches (1ms)
			RebuildScriptCaches (69ms)
			SetupLoadedEditorAssemblies (450ms)
				LogAssemblyErrors (0ms)
				InitializePlatformSupportModulesInManaged (12ms)
				SetLoadedEditorAssemblies (1ms)
				RefreshPlugins (1ms)
				BeforeProcessingInitializeOnLoad (91ms)
				ProcessInitializeOnLoadAttributes (328ms)
				ProcessInitializeOnLoadMethodAttributes (7ms)
				AfterProcessingInitializeOnLoad (10ms)
				EditorAssembliesLoaded (1ms)
			ExecutionOrderSort2 (0ms)
			AwakeInstancesAfterBackupRestoration (12ms)
Platform modules already initialized, skipping
Refreshing native plugins compatible for Editor in 0.65 ms, found 2 plugins.
Preloading 0 native plugins for Editor in 0.00 ms.
Unloading 1520 Unused Serialized files (Serialized files now loaded: 0)
System memory in use before: 76.5 MB.
System memory in use after: 76.6 MB.

Unloading 11 unused Assets to reduce memory usage. Loaded Objects now: 2016.
Total: 4.537600 ms (FindLiveObjects: 0.251700 ms CreateObjectMapping: 0.086000 ms MarkObjects: 4.183900 ms  DeleteObjects: 0.014500 ms)

AssetImportParameters requested are different than current active one (requested -> active):
  custom:framework-win-MediaFoundation: 216162199b28c13a410421893ffa2e32 -> 
  custom:video-decoder-ogg-theora: a1e56fd34408186e4bbccfd4996cb3dc -> 
  custom:container-muxer-webm: aa71ff27fc2769a1b78a27578f13a17b -> 
  custom:container-demuxer-webm: 4f35f7cbe854078d1ac9338744f61a02 -> 
  custom:container-demuxer-ogg: 62fdf1f143b41e24485cea50d1cbac27 -> 
  custom:video-encoder-webm-vp8: eb34c28f22e8b96e1ab97ce403110664 -> 
  custom:video-codec-MediaFoundation-h265: 746d11721c4dcdbdad8f713fa42b33f4 -> 
  custom:video-decoder-webm-vp8: 9c59270c3fd7afecdb556c50c9e8de78 -> 
  custom:audio-decoder-ogg-vorbis: bf7c407c2cedff20999df2af8eb42d56 -> 
  custom:audio-encoder-webm-vorbis: bf7c407c2cedff20999df2af8eb42d56 -> 
========================================================================
Received Prepare
Registering precompiled user dll's ...
Registered in 0.004378 seconds.
Begin MonoManager ReloadAssembly
Native extension for WindowsStandalone target not found
Native extension for WebGL target not found
Refreshing native plugins compatible for Editor in 0.64 ms, found 2 plugins.
Preloading 0 native plugins for Editor in 0.00 ms.
Mono: successfully reloaded assembly
- Completed reload, in  1.660 seconds
Domain Reload Profiling:
	ReloadAssembly (1660ms)
		BeginReloadAssembly (180ms)
			ExecutionOrderSort (0ms)
			DisableScriptedObjects (10ms)
			BackupInstance (0ms)
			ReleaseScriptingObjects (0ms)
			CreateAndSetChildDomain (52ms)
		EndReloadAssembly (1356ms)
			LoadAssemblies (149ms)
			RebuildTransferFunctionScriptingTraits (0ms)
			SetupTypeCache (490ms)
			ReleaseScriptCaches (1ms)
			RebuildScriptCaches (73ms)
			SetupLoadedEditorAssemblies (469ms)
				LogAssemblyErrors (0ms)
				InitializePlatformSupportModulesInManaged (13ms)
				SetLoadedEditorAssemblies (1ms)
				RefreshPlugins (1ms)
				BeforeProcessingInitializeOnLoad (94ms)
				ProcessInitializeOnLoadAttributes (351ms)
				ProcessInitializeOnLoadMethodAttributes (2ms)
				AfterProcessingInitializeOnLoad (7ms)
				EditorAssembliesLoaded (0ms)
			ExecutionOrderSort2 (0ms)
			AwakeInstancesAfterBackupRestoration (12ms)
Platform modules already initialized, skipping
Refreshing native plugins compatible for Editor in 1.07 ms, found 2 plugins.
Preloading 0 native plugins for Editor in 0.00 ms.
Unloading 1520 Unused Serialized files (Serialized files now loaded: 0)
System memory in use before: 76.5 MB.
System memory in use after: 76.6 MB.

Unloading 11 unused Assets to reduce memory usage. Loaded Objects now: 2018.
Total: 4.747000 ms (FindLiveObjects: 0.207700 ms CreateObjectMapping: 0.074100 ms MarkObjects: 4.439600 ms  DeleteObjects: 0.023300 ms)

AssetImportParameters requested are different than current active one (requested -> active):
  custom:framework-win-MediaFoundation: 216162199b28c13a410421893ffa2e32 -> 
  custom:video-decoder-ogg-theora: a1e56fd34408186e4bbccfd4996cb3dc -> 
  custom:container-muxer-webm: aa71ff27fc2769a1b78a27578f13a17b -> 
  custom:container-demuxer-webm: 4f35f7cbe854078d1ac9338744f61a02 -> 
  custom:container-demuxer-ogg: 62fdf1f143b41e24485cea50d1cbac27 -> 
  custom:video-encoder-webm-vp8: eb34c28f22e8b96e1ab97ce403110664 -> 
  custom:video-codec-MediaFoundation-h265: 746d11721c4dcdbdad8f713fa42b33f4 -> 
  custom:video-decoder-webm-vp8: 9c59270c3fd7afecdb556c50c9e8de78 -> 
  custom:audio-decoder-ogg-vorbis: bf7c407c2cedff20999df2af8eb42d56 -> 
  custom:audio-encoder-webm-vorbis: bf7c407c2cedff20999df2af8eb42d56 -> 
========================================================================
Received Prepare
Registering precompiled user dll's ...
Registered in 0.004414 seconds.
Begin MonoManager ReloadAssembly
Native extension for WindowsStandalone target not found
Native extension for WebGL target not found
Refreshing native plugins compatible for Editor in 0.60 ms, found 2 plugins.
Preloading 0 native plugins for Editor in 0.00 ms.
Mono: successfully reloaded assembly
- Completed reload, in  1.570 seconds
Domain Reload Profiling:
	ReloadAssembly (1571ms)
		BeginReloadAssembly (170ms)
			ExecutionOrderSort (0ms)
			DisableScriptedObjects (8ms)
			BackupInstance (0ms)
			ReleaseScriptingObjects (0ms)
			CreateAndSetChildDomain (48ms)
		EndReloadAssembly (1283ms)
			LoadAssemblies (149ms)
			RebuildTransferFunctionScriptingTraits (0ms)
			SetupTypeCache (476ms)
			ReleaseScriptCaches (1ms)
			RebuildScriptCaches (70ms)
			SetupLoadedEditorAssemblies (428ms)
				LogAssemblyErrors (0ms)
				InitializePlatformSupportModulesInManaged (11ms)
				SetLoadedEditorAssemblies (1ms)
				RefreshPlugins (1ms)
				BeforeProcessingInitializeOnLoad (91ms)
				ProcessInitializeOnLoadAttributes (310ms)
				ProcessInitializeOnLoadMethodAttributes (4ms)
				AfterProcessingInitializeOnLoad (10ms)
				EditorAssembliesLoaded (0ms)
			ExecutionOrderSort2 (0ms)
			AwakeInstancesAfterBackupRestoration (7ms)
Platform modules already initialized, skipping
Refreshing native plugins compatible for Editor in 0.60 ms, found 2 plugins.
Preloading 0 native plugins for Editor in 0.00 ms.
Unloading 1520 Unused Serialized files (Serialized files now loaded: 0)
System memory in use before: 76.5 MB.
System memory in use after: 76.7 MB.

Unloading 11 unused Assets to reduce memory usage. Loaded Objects now: 2020.
Total: 3.814700 ms (FindLiveObjects: 0.205900 ms CreateObjectMapping: 0.036500 ms MarkObjects: 3.524500 ms  DeleteObjects: 0.045900 ms)

AssetImportParameters requested are different than current active one (requested -> active):
  custom:framework-win-MediaFoundation: 216162199b28c13a410421893ffa2e32 -> 
  custom:video-decoder-ogg-theora: a1e56fd34408186e4bbccfd4996cb3dc -> 
  custom:container-muxer-webm: aa71ff27fc2769a1b78a27578f13a17b -> 
  custom:container-demuxer-webm: 4f35f7cbe854078d1ac9338744f61a02 -> 
  custom:container-demuxer-ogg: 62fdf1f143b41e24485cea50d1cbac27 -> 
  custom:video-encoder-webm-vp8: eb34c28f22e8b96e1ab97ce403110664 -> 
  custom:video-codec-MediaFoundation-h265: 746d11721c4dcdbdad8f713fa42b33f4 -> 
  custom:video-decoder-webm-vp8: 9c59270c3fd7afecdb556c50c9e8de78 -> 
  custom:audio-decoder-ogg-vorbis: bf7c407c2cedff20999df2af8eb42d56 -> 
  custom:audio-encoder-webm-vorbis: bf7c407c2cedff20999df2af8eb42d56 -> 
========================================================================
Received Prepare
Registering precompiled user dll's ...
Registered in 0.004245 seconds.
Begin MonoManager ReloadAssembly
Native extension for WindowsStandalone target not found
Native extension for WebGL target not found
Refreshing native plugins compatible for Editor in 0.71 ms, found 2 plugins.
Preloading 0 native plugins for Editor in 0.00 ms.
Mono: successfully reloaded assembly
- Completed reload, in  1.596 seconds
Domain Reload Profiling:
	ReloadAssembly (1597ms)
		BeginReloadAssembly (183ms)
			ExecutionOrderSort (0ms)
			DisableScriptedObjects (8ms)
			BackupInstance (0ms)
			ReleaseScriptingObjects (0ms)
			CreateAndSetChildDomain (50ms)
		EndReloadAssembly (1297ms)
			LoadAssemblies (149ms)
			RebuildTransferFunctionScriptingTraits (0ms)
			SetupTypeCache (477ms)
			ReleaseScriptCaches (1ms)
			RebuildScriptCaches (72ms)
			SetupLoadedEditorAssemblies (441ms)
				LogAssemblyErrors (0ms)
				InitializePlatformSupportModulesInManaged (11ms)
				SetLoadedEditorAssemblies (1ms)
				RefreshPlugins (1ms)
				BeforeProcessingInitializeOnLoad (93ms)
				ProcessInitializeOnLoadAttributes (330ms)
				ProcessInitializeOnLoadMethodAttributes (2ms)
				AfterProcessingInitializeOnLoad (3ms)
				EditorAssembliesLoaded (0ms)
			ExecutionOrderSort2 (0ms)
			AwakeInstancesAfterBackupRestoration (4ms)
Platform modules already initialized, skipping
Refreshing native plugins compatible for Editor in 0.88 ms, found 2 plugins.
Preloading 0 native plugins for Editor in 0.00 ms.
Unloading 1520 Unused Serialized files (Serialized files now loaded: 0)
System memory in use before: 76.6 MB.
System memory in use after: 76.7 MB.

Unloading 11 unused Assets to reduce memory usage. Loaded Objects now: 2022.
Total: 4.948700 ms (FindLiveObjects: 0.187000 ms CreateObjectMapping: 0.073700 ms MarkObjects: 4.650800 ms  DeleteObjects: 0.035900 ms)

AssetImportParameters requested are different than current active one (requested -> active):
  custom:framework-win-MediaFoundation: 216162199b28c13a410421893ffa2e32 -> 
  custom:video-decoder-ogg-theora: a1e56fd34408186e4bbccfd4996cb3dc -> 
  custom:container-muxer-webm: aa71ff27fc2769a1b78a27578f13a17b -> 
  custom:container-demuxer-webm: 4f35f7cbe854078d1ac9338744f61a02 -> 
  custom:container-demuxer-ogg: 62fdf1f143b41e24485cea50d1cbac27 -> 
  custom:video-encoder-webm-vp8: eb34c28f22e8b96e1ab97ce403110664 -> 
  custom:video-codec-MediaFoundation-h265: 746d11721c4dcdbdad8f713fa42b33f4 -> 
  custom:video-decoder-webm-vp8: 9c59270c3fd7afecdb556c50c9e8de78 -> 
  custom:audio-decoder-ogg-vorbis: bf7c407c2cedff20999df2af8eb42d56 -> 
  custom:audio-encoder-webm-vorbis: bf7c407c2cedff20999df2af8eb42d56 -> 
AssetImportWorkerClient::OnTransportError - code=2 error=End of file
